[INFO] 25-02-2025 23:17:09 [main] [LogUtils] - Creating Playwright instance using factory method...
[INFO] 25-02-2025 23:17:09 [main] [LogUtils] - Warning !! Can not Load All File.
[INFO] 25-02-2025 23:17:17 [main] [LogUtils] - Page instance created: com.microsoft.playwright.impl.PageImpl@24e8de5c
[INFO] 25-02-2025 23:17:17 [main] [LogUtils] - Navigating to URL: https://staging.withassured.com/sign-in
[INFO] 25-02-2025 23:17:17 [main] [LogUtils] - ExtentTest instance is null. Test info: Navigating to URL: https://staging.withassured.com/sign-in
[INFO] 25-02-2025 23:17:17 [main] [LogUtils] - Test info: Navigating to URL: https://staging.withassured.com/sign-in
[ERROR] 25-02-2025 23:17:18 [main] [LogUtils] - Failed to capture screenshot: Illegal char <:> at index 34: screenshots\navigate_25/02/2025 23:17:18.png
[INFO] 25-02-2025 23:17:18 [main] [LogUtils] - Filling in email: 
[INFO] 25-02-2025 23:17:18 [main] [LogUtils] - ExtentTest instance is null. Test info: Filling text into element with selector: //*[@id='normal_login_email'] | Value: abc@gmail.com
[INFO] 25-02-2025 23:17:18 [main] [LogUtils] - Test info: Filling text into element with selector: //*[@id='normal_login_email'] | Value: abc@gmail.com
[INFO] 25-02-2025 23:17:18 [main] [LogUtils] - Filled element with selector: //*[@id='normal_login_email'] with text: abc@gmail.com
[ERROR] 25-02-2025 23:17:18 [main] [LogUtils] - Failed to capture screenshot: Illegal char <:> at index 33: screenshots\setText_25/02/2025 23:17:18.png
[INFO] 25-02-2025 23:17:18 [main] [LogUtils] - Filling in password.
[INFO] 25-02-2025 23:17:18 [main] [LogUtils] - ExtentTest instance is null. Test info: Filling text into element with selector: //*[@id='normal_login_password'] | Value: abc
[INFO] 25-02-2025 23:17:18 [main] [LogUtils] - Test info: Filling text into element with selector: //*[@id='normal_login_password'] | Value: abc
[INFO] 25-02-2025 23:17:19 [main] [LogUtils] - Filled element with selector: //*[@id='normal_login_password'] with text: abc
[ERROR] 25-02-2025 23:17:19 [main] [LogUtils] - Failed to capture screenshot: Illegal char <:> at index 33: screenshots\setText_25/02/2025 23:17:19.png
[INFO] 25-02-2025 23:17:27 [main] [LogUtils] - ExtentTest instance is null. Test info: Retrieving mail URL for domain: private, mailbox: abc1, expectedTo: stephan, expectedSubject: Onboarding Invite
[INFO] 25-02-2025 23:17:27 [main] [LogUtils] - Test info: Retrieving mail URL for domain: private, mailbox: abc1, expectedTo: stephan, expectedSubject: Onboarding Invite
[INFO] 25-02-2025 23:17:27 [main] [LogUtils] - Requesting inbox for domain: private
[INFO] 25-02-2025 23:17:29 [main] [LogUtils] - Inbox received with 4 messages
[INFO] 25-02-2025 23:17:29 [main] [LogUtils] - Matched message -> ID: stephan-1740505358-09724563347903, To: stephan, Subject: Onboarding Invite
[INFO] 25-02-2025 23:17:29 [main] [LogUtils] - ExtentTest instance is null. Test info: Matched message details -> ID: stephan-1740505358-09724563347903, To: stephan, Subject: Onboarding Invite
[INFO] 25-02-2025 23:17:29 [main] [LogUtils] - Test info: Matched message details -> ID: stephan-1740505358-09724563347903, To: stephan, Subject: Onboarding Invite
[WARN] 25-02-2025 23:17:29 [main] [LogUtils] - No URL found in subject. Trying links API for message id: stephan-1740505358-09724563347903
[INFO] 25-02-2025 23:17:29 [main] [LogUtils] - ExtentTest instance is null. Test info: No URL in subject, checking links API...
[INFO] 25-02-2025 23:17:29 [main] [LogUtils] - Test info: No URL in subject, checking links API...
[INFO] 25-02-2025 23:17:29 [main] [LogUtils] - Retrieved URL from links API: https://u24054449.ct.sendgrid.net/ls/click?upn=u001.uKTWfX-2BO7Cb7TshAM6sZKbEPm9EMqm9C4ZEtr6uuLun9WzqgtnF82p3mwtRkl8l6HmV8ei5eSFuKreSOAIBNUhWLdOJ-2F9OImLEWYmln-2FnZuf7qLB-2Bwmn6nlRVKPcMsi6S4TC4UY-2BDbr8SAJoL1FkNbz-2BR1ESthg5eIljJnkDq6cHqFyoac040zv1BWB6ZgwczteiZRfy9EDn-2F5a6FSQ5Zd5Z-2F56aYwL1auz8r11S8Is-3DUoWP_uoJNvF-2FASjth9StXKTRb2KrYXUitdopod1mGfOjzYCQm-2FOiyOdjshlwGnTG64RV7wiYWPDJsd9Ur8rhuL-2FUaO8UTziMBomHfV7V-2BHUqxsma2voaL8UdvL9z6imki4ozV5R3IsAcAgLSnodOFmJiSI1JuhFO3GcVHn9e2qlQdeoXPURl70VKylfWdzfyF2-2BMNgyeM1ma2t9NAa7uCSSxDHhSfb6io3An5DN6-2BCkE8w-2B0tmRyubHH3je-2F-2F5DpUnbUNKbZgQtZXfen4cLn0VdNPYUk22q7Q9QoJtnyNzT2EPswlbeM-2FPqvTrE2wfiXDO54eKSyzj4rlLvxM9ePzyXTXZ282-2FJtrJiv0cqMdoeyK8mZv4BhoIP0ZI97Rm-2FNnA2J9RyYzjJtVku3YPOeeT5s-2BxN-2Bukd7jKm8w7p7alslJmo6Vuof6bUAGjd12cvPOrUJ0bd4bBIi9bxf4gfgw0uddHQ-3D-3D
[INFO] 25-02-2025 23:17:29 [main] [LogUtils] - ExtentTest instance is null. Test info: Mail invite URL retrieved from links API: https://u24054449.ct.sendgrid.net/ls/click?upn=u001.uKTWfX-2BO7Cb7TshAM6sZKbEPm9EMqm9C4ZEtr6uuLun9WzqgtnF82p3mwtRkl8l6HmV8ei5eSFuKreSOAIBNUhWLdOJ-2F9OImLEWYmln-2FnZuf7qLB-2Bwmn6nlRVKPcMsi6S4TC4UY-2BDbr8SAJoL1FkNbz-2BR1ESthg5eIljJnkDq6cHqFyoac040zv1BWB6ZgwczteiZRfy9EDn-2F5a6FSQ5Zd5Z-2F56aYwL1auz8r11S8Is-3DUoWP_uoJNvF-2FASjth9StXKTRb2KrYXUitdopod1mGfOjzYCQm-2FOiyOdjshlwGnTG64RV7wiYWPDJsd9Ur8rhuL-2FUaO8UTziMBomHfV7V-2BHUqxsma2voaL8UdvL9z6imki4ozV5R3IsAcAgLSnodOFmJiSI1JuhFO3GcVHn9e2qlQdeoXPURl70VKylfWdzfyF2-2BMNgyeM1ma2t9NAa7uCSSxDHhSfb6io3An5DN6-2BCkE8w-2B0tmRyubHH3je-2F-2F5DpUnbUNKbZgQtZXfen4cLn0VdNPYUk22q7Q9QoJtnyNzT2EPswlbeM-2FPqvTrE2wfiXDO54eKSyzj4rlLvxM9ePzyXTXZ282-2FJtrJiv0cqMdoeyK8mZv4BhoIP0ZI97Rm-2FNnA2J9RyYzjJtVku3YPOeeT5s-2BxN-2Bukd7jKm8w7p7alslJmo6Vuof6bUAGjd12cvPOrUJ0bd4bBIi9bxf4gfgw0uddHQ-3D-3D
[INFO] 25-02-2025 23:17:29 [main] [LogUtils] - Test info: Mail invite URL retrieved from links API: https://u24054449.ct.sendgrid.net/ls/click?upn=u001.uKTWfX-2BO7Cb7TshAM6sZKbEPm9EMqm9C4ZEtr6uuLun9WzqgtnF82p3mwtRkl8l6HmV8ei5eSFuKreSOAIBNUhWLdOJ-2F9OImLEWYmln-2FnZuf7qLB-2Bwmn6nlRVKPcMsi6S4TC4UY-2BDbr8SAJoL1FkNbz-2BR1ESthg5eIljJnkDq6cHqFyoac040zv1BWB6ZgwczteiZRfy9EDn-2F5a6FSQ5Zd5Z-2F56aYwL1auz8r11S8Is-3DUoWP_uoJNvF-2FASjth9StXKTRb2KrYXUitdopod1mGfOjzYCQm-2FOiyOdjshlwGnTG64RV7wiYWPDJsd9Ur8rhuL-2FUaO8UTziMBomHfV7V-2BHUqxsma2voaL8UdvL9z6imki4ozV5R3IsAcAgLSnodOFmJiSI1JuhFO3GcVHn9e2qlQdeoXPURl70VKylfWdzfyF2-2BMNgyeM1ma2t9NAa7uCSSxDHhSfb6io3An5DN6-2BCkE8w-2B0tmRyubHH3je-2F-2F5DpUnbUNKbZgQtZXfen4cLn0VdNPYUk22q7Q9QoJtnyNzT2EPswlbeM-2FPqvTrE2wfiXDO54eKSyzj4rlLvxM9ePzyXTXZ282-2FJtrJiv0cqMdoeyK8mZv4BhoIP0ZI97Rm-2FNnA2J9RyYzjJtVku3YPOeeT5s-2BxN-2Bukd7jKm8w7p7alslJmo6Vuof6bUAGjd12cvPOrUJ0bd4bBIi9bxf4gfgw0uddHQ-3D-3D
[INFO] 25-02-2025 23:17:29 [main] [LogUtils] - ExtentTest instance is null. Test info: Opening a new browser instance to perform additional actions
[INFO] 25-02-2025 23:17:29 [main] [LogUtils] - Test info: Opening a new browser instance to perform additional actions
[INFO] 25-02-2025 23:17:31 [main] [LogUtils] - Opened new browser instance for additional actions.
[ERROR] 25-02-2025 23:17:31 [main] [LogUtils] - Failed to capture screenshot: Illegal char <:> at index 42: screenshots\newBrowserOpened_25/02/2025 23:17:31.png
[INFO] 25-02-2025 23:17:31 [main] [LogUtils] - Navigating to URL: https://u24054449.ct.sendgrid.net/ls/click?upn=u001.uKTWfX-2BO7Cb7TshAM6sZKbEPm9EMqm9C4ZEtr6uuLun9WzqgtnF82p3mwtRkl8l6HmV8ei5eSFuKreSOAIBNUhWLdOJ-2F9OImLEWYmln-2FnZuf7qLB-2Bwmn6nlRVKPcMsi6S4TC4UY-2BDbr8SAJoL1FkNbz-2BR1ESthg5eIljJnkDq6cHqFyoac040zv1BWB6ZgwczteiZRfy9EDn-2F5a6FSQ5Zd5Z-2F56aYwL1auz8r11S8Is-3DUoWP_uoJNvF-2FASjth9StXKTRb2KrYXUitdopod1mGfOjzYCQm-2FOiyOdjshlwGnTG64RV7wiYWPDJsd9Ur8rhuL-2FUaO8UTziMBomHfV7V-2BHUqxsma2voaL8UdvL9z6imki4ozV5R3IsAcAgLSnodOFmJiSI1JuhFO3GcVHn9e2qlQdeoXPURl70VKylfWdzfyF2-2BMNgyeM1ma2t9NAa7uCSSxDHhSfb6io3An5DN6-2BCkE8w-2B0tmRyubHH3je-2F-2F5DpUnbUNKbZgQtZXfen4cLn0VdNPYUk22q7Q9QoJtnyNzT2EPswlbeM-2FPqvTrE2wfiXDO54eKSyzj4rlLvxM9ePzyXTXZ282-2FJtrJiv0cqMdoeyK8mZv4BhoIP0ZI97Rm-2FNnA2J9RyYzjJtVku3YPOeeT5s-2BxN-2Bukd7jKm8w7p7alslJmo6Vuof6bUAGjd12cvPOrUJ0bd4bBIi9bxf4gfgw0uddHQ-3D-3D
[INFO] 25-02-2025 23:17:31 [main] [LogUtils] - ExtentTest instance is null. Test info: Navigating to URL: https://u24054449.ct.sendgrid.net/ls/click?upn=u001.uKTWfX-2BO7Cb7TshAM6sZKbEPm9EMqm9C4ZEtr6uuLun9WzqgtnF82p3mwtRkl8l6HmV8ei5eSFuKreSOAIBNUhWLdOJ-2F9OImLEWYmln-2FnZuf7qLB-2Bwmn6nlRVKPcMsi6S4TC4UY-2BDbr8SAJoL1FkNbz-2BR1ESthg5eIljJnkDq6cHqFyoac040zv1BWB6ZgwczteiZRfy9EDn-2F5a6FSQ5Zd5Z-2F56aYwL1auz8r11S8Is-3DUoWP_uoJNvF-2FASjth9StXKTRb2KrYXUitdopod1mGfOjzYCQm-2FOiyOdjshlwGnTG64RV7wiYWPDJsd9Ur8rhuL-2FUaO8UTziMBomHfV7V-2BHUqxsma2voaL8UdvL9z6imki4ozV5R3IsAcAgLSnodOFmJiSI1JuhFO3GcVHn9e2qlQdeoXPURl70VKylfWdzfyF2-2BMNgyeM1ma2t9NAa7uCSSxDHhSfb6io3An5DN6-2BCkE8w-2B0tmRyubHH3je-2F-2F5DpUnbUNKbZgQtZXfen4cLn0VdNPYUk22q7Q9QoJtnyNzT2EPswlbeM-2FPqvTrE2wfiXDO54eKSyzj4rlLvxM9ePzyXTXZ282-2FJtrJiv0cqMdoeyK8mZv4BhoIP0ZI97Rm-2FNnA2J9RyYzjJtVku3YPOeeT5s-2BxN-2Bukd7jKm8w7p7alslJmo6Vuof6bUAGjd12cvPOrUJ0bd4bBIi9bxf4gfgw0uddHQ-3D-3D
[INFO] 25-02-2025 23:17:31 [main] [LogUtils] - Test info: Navigating to URL: https://u24054449.ct.sendgrid.net/ls/click?upn=u001.uKTWfX-2BO7Cb7TshAM6sZKbEPm9EMqm9C4ZEtr6uuLun9WzqgtnF82p3mwtRkl8l6HmV8ei5eSFuKreSOAIBNUhWLdOJ-2F9OImLEWYmln-2FnZuf7qLB-2Bwmn6nlRVKPcMsi6S4TC4UY-2BDbr8SAJoL1FkNbz-2BR1ESthg5eIljJnkDq6cHqFyoac040zv1BWB6ZgwczteiZRfy9EDn-2F5a6FSQ5Zd5Z-2F56aYwL1auz8r11S8Is-3DUoWP_uoJNvF-2FASjth9StXKTRb2KrYXUitdopod1mGfOjzYCQm-2FOiyOdjshlwGnTG64RV7wiYWPDJsd9Ur8rhuL-2FUaO8UTziMBomHfV7V-2BHUqxsma2voaL8UdvL9z6imki4ozV5R3IsAcAgLSnodOFmJiSI1JuhFO3GcVHn9e2qlQdeoXPURl70VKylfWdzfyF2-2BMNgyeM1ma2t9NAa7uCSSxDHhSfb6io3An5DN6-2BCkE8w-2B0tmRyubHH3je-2F-2F5DpUnbUNKbZgQtZXfen4cLn0VdNPYUk22q7Q9QoJtnyNzT2EPswlbeM-2FPqvTrE2wfiXDO54eKSyzj4rlLvxM9ePzyXTXZ282-2FJtrJiv0cqMdoeyK8mZv4BhoIP0ZI97Rm-2FNnA2J9RyYzjJtVku3YPOeeT5s-2BxN-2Bukd7jKm8w7p7alslJmo6Vuof6bUAGjd12cvPOrUJ0bd4bBIi9bxf4gfgw0uddHQ-3D-3D
[ERROR] 25-02-2025 23:17:34 [main] [LogUtils] - Failed to capture screenshot: Illegal char <:> at index 34: screenshots\navigate_25/02/2025 23:17:34.png
[INFO] 25-02-2025 23:17:34 [main] [LogUtils] - ExtentTest instance is null. Test info: Filling text into element with selector: input[placeholder="New Password"] | Value: 123456
[INFO] 25-02-2025 23:17:34 [main] [LogUtils] - Test info: Filling text into element with selector: input[placeholder="New Password"] | Value: 123456
[INFO] 25-02-2025 23:17:34 [main] [LogUtils] - Filled element with selector: input[placeholder="New Password"] with text: 123456
[ERROR] 25-02-2025 23:17:34 [main] [LogUtils] - Failed to capture screenshot: Illegal char <:> at index 33: screenshots\setText_25/02/2025 23:17:34.png
[INFO] 25-02-2025 23:17:34 [main] [LogUtils] - ExtentTest instance is null. Test info: Filling text into element with selector: input[placeholder="Confirm Password"] | Value: 123456
[INFO] 25-02-2025 23:17:34 [main] [LogUtils] - Test info: Filling text into element with selector: input[placeholder="Confirm Password"] | Value: 123456
[INFO] 25-02-2025 23:17:34 [main] [LogUtils] - Filled element with selector: input[placeholder="Confirm Password"] with text: 123456
[ERROR] 25-02-2025 23:17:34 [main] [LogUtils] - Failed to capture screenshot: Illegal char <:> at index 33: screenshots\setText_25/02/2025 23:17:34.png
[INFO] 25-02-2025 23:17:34 [main] [LogUtils] - ExtentTest instance is null. Test info: Clicking element with selector: #createAdminAccountForm > button > span
[INFO] 25-02-2025 23:17:34 [main] [LogUtils] - Test info: Clicking element with selector: #createAdminAccountForm > button > span
[INFO] 25-02-2025 23:17:34 [main] [LogUtils] - Clicked element with selector: #createAdminAccountForm > button > span
[ERROR] 25-02-2025 23:17:34 [main] [LogUtils] - Failed to capture screenshot: Illegal char <:> at index 38: screenshots\clickElement_25/02/2025 23:17:34.png
[ERROR] 25-02-2025 23:17:42 [main] [LogUtils] - Failed to capture screenshot: Illegal char <:> at index 54: screenshots\actionsPerformedInNewBrowser_25/02/2025 23:17:42.png
[INFO] 25-02-2025 23:17:43 [main] [LogUtils] - Returned to original browser instance.
[INFO] 25-02-2025 23:17:43 [main] [LogUtils] - ExtentTest instance is null. Test info: Returned to original browser instance.
[INFO] 25-02-2025 23:17:43 [main] [LogUtils] - Test info: Returned to original browser instance.
[ERROR] 25-02-2025 23:17:43 [main] [LogUtils] - Failed to capture screenshot: Illegal char <:> at index 51: screenshots\returnedToOriginalBrowser_25/02/2025 23:17:43.png
[INFO] 25-02-2025 23:17:51 [main] [LogUtils] - Closing browser and cleaning up...
