[INFO] 21-02-2025 15:45:31 [main] [LogUtils] - Creating Playwright instance using factory method...
[INFO] 21-02-2025 15:45:44 [main] [LogUtils] - Warning !! Can not Load All File.
[INFO] 21-02-2025 15:45:50 [main] [LogUtils] - Page instance created: com.microsoft.playwright.impl.PageImpl@5627cb29
[INFO] 21-02-2025 15:45:51 [main] [LogUtils] - Navigating to URL: https://staging.withassured.com/sign-in
[INFO] 21-02-2025 15:45:51 [main] [LogUtils] - ExtentTest instance is null. Test info: Navigating to URL: https://staging.withassured.com/sign-in
[INFO] 21-02-2025 15:45:51 [main] [LogUtils] - Test info: Navigating to URL: https://staging.withassured.com/sign-in
[ERROR] 21-02-2025 15:45:53 [main] [LogUtils] - Failed to capture screenshot: Illegal char <:> at index 34: screenshots\navigate_21/02/2025 15:45:53.png
[INFO] 21-02-2025 15:45:53 [main] [LogUtils] - Filling in email: 
[INFO] 21-02-2025 15:45:53 [main] [LogUtils] - ExtentTest instance is null. Test info: Filling text into element with selector: //*[@id='normal_login_email'] | Value: abc@gmail.com
[INFO] 21-02-2025 15:45:53 [main] [LogUtils] - Test info: Filling text into element with selector: //*[@id='normal_login_email'] | Value: abc@gmail.com
[INFO] 21-02-2025 15:45:56 [main] [LogUtils] - Filled element with selector: //*[@id='normal_login_email'] with text: abc@gmail.com
[ERROR] 21-02-2025 15:45:56 [main] [LogUtils] - Failed to capture screenshot: Illegal char <:> at index 33: screenshots\setText_21/02/2025 15:45:56.png
[INFO] 21-02-2025 15:45:56 [main] [LogUtils] - Filling in password.
[INFO] 21-02-2025 15:45:56 [main] [LogUtils] - ExtentTest instance is null. Test info: Filling text into element with selector: //*[@id='normal_login_password'] | Value: abc
[INFO] 21-02-2025 15:45:56 [main] [LogUtils] - Test info: Filling text into element with selector: //*[@id='normal_login_password'] | Value: abc
[INFO] 21-02-2025 15:45:56 [main] [LogUtils] - Filled element with selector: //*[@id='normal_login_password'] with text: abc
[ERROR] 21-02-2025 15:45:56 [main] [LogUtils] - Failed to capture screenshot: Illegal char <:> at index 33: screenshots\setText_21/02/2025 15:45:56.png
[INFO] 21-02-2025 15:46:04 [main] [LogUtils] - ExtentTest instance is null. Test info: Retrieving mail URL for domain: private, mailbox: abc1, expectedFrom: no-reply@withassured.com, expectedSubject: Onboarding Invite
[INFO] 21-02-2025 15:46:04 [main] [LogUtils] - Test info: Retrieving mail URL for domain: private, mailbox: abc1, expectedFrom: no-reply@withassured.com, expectedSubject: Onboarding Invite
[INFO] 21-02-2025 15:46:04 [main] [LogUtils] - Requesting inbox for domain: private
[INFO] 21-02-2025 15:46:10 [main] [LogUtils] - Inbox received with 2 messages
[INFO] 21-02-2025 15:46:10 [main] [LogUtils] - Matched message -> ID: abc1-1739950473-096790445903, From: no-reply@withassured.com, Subject: Onboarding Invite
[INFO] 21-02-2025 15:46:10 [main] [LogUtils] - ExtentTest instance is null. Test info: Matched message details -> ID: abc1-1739950473-096790445903, From: no-reply@withassured.com, Subject: Onboarding Invite
[INFO] 21-02-2025 15:46:10 [main] [LogUtils] - Test info: Matched message details -> ID: abc1-1739950473-096790445903, From: no-reply@withassured.com, Subject: Onboarding Invite
[WARN] 21-02-2025 15:46:10 [main] [LogUtils] - No URL found in subject. Trying links API for message id: abc1-1739950473-096790445903
[INFO] 21-02-2025 15:46:10 [main] [LogUtils] - ExtentTest instance is null. Test info: No URL in subject, checking links API...
[INFO] 21-02-2025 15:46:10 [main] [LogUtils] - Test info: No URL in subject, checking links API...
[INFO] 21-02-2025 15:46:10 [main] [LogUtils] - Retrieved URL from links API: https://u24054449.ct.sendgrid.net/ls/click?upn=u001.uKTWfX-2BO7Cb7TshAM6sZKbEPm9EMqm9C4ZEtr6uuLun9WzqgtnF82p3mwtRkl8l6kvdK8O79Pbe-2By3oL-2FOovgRLsrvxOzFcLWjUmVZHFMSYxo4pL31ysTAxDgWi-2Fwl0d0Jv6j8337M1PQbHn-2ByF47HgZDmSJNIFOvhKkd7IfvuM6znFEt-2FOISzGeIcttEy4-2BWTLn-2FgGZuh0Kac4oEb-2FZCXOr5CP5CSu9XgxaIH-2Bc-2Bm4-3D2Wh3_xLcdvdxf4Fza8LcvkLiN7T2R0LE0AEGF9w71ltIf1dxiZxztG-2F-2FFBy-2BaknjWuan3S1snGKvnNFWrh23JyDr48xvjv0dlzKjn1dUx-2Bjfe4ts5ag6-2BwzCnl-2FZ326a1ofJ8-2FiCsyQdtU-2FZmGwg-2FjtBdre5IY9Z9gsksZJ8r1Gj1L-2B3m4jaUdkHXbuq6yeCCyA6s8KpriBzD68H3qMsG8XvO2KY7zOIP-2BmqG3edPLLi-2FPh9Wcg4qm-2BmrKBikVjc9WAR0Z3qS9nt0nZUBb-2B4JIS1m1413YY97apufSEOOPaTeY0cfEu8AH5ioknwUlO4kqrMdORl3iS1-2F1-2FVVpR277A6VplRmMI-2F0jr3FqFwr-2B4Oi-2FQIazlEHpgTDqFv2kt91vpfCsArmQ7zANCgqo-2F-2FFwTKsdGdnAyXYV6vQ5SVTcN-2FIgasA3VV0iCIpU87NPimhbI-2B3fkSN9HpyykeAusTdKk62Vw-3D-3D
[INFO] 21-02-2025 15:46:10 [main] [LogUtils] - ExtentTest instance is null. Test info: Mail invite URL retrieved from links API: https://u24054449.ct.sendgrid.net/ls/click?upn=u001.uKTWfX-2BO7Cb7TshAM6sZKbEPm9EMqm9C4ZEtr6uuLun9WzqgtnF82p3mwtRkl8l6kvdK8O79Pbe-2By3oL-2FOovgRLsrvxOzFcLWjUmVZHFMSYxo4pL31ysTAxDgWi-2Fwl0d0Jv6j8337M1PQbHn-2ByF47HgZDmSJNIFOvhKkd7IfvuM6znFEt-2FOISzGeIcttEy4-2BWTLn-2FgGZuh0Kac4oEb-2FZCXOr5CP5CSu9XgxaIH-2Bc-2Bm4-3D2Wh3_xLcdvdxf4Fza8LcvkLiN7T2R0LE0AEGF9w71ltIf1dxiZxztG-2F-2FFBy-2BaknjWuan3S1snGKvnNFWrh23JyDr48xvjv0dlzKjn1dUx-2Bjfe4ts5ag6-2BwzCnl-2FZ326a1ofJ8-2FiCsyQdtU-2FZmGwg-2FjtBdre5IY9Z9gsksZJ8r1Gj1L-2B3m4jaUdkHXbuq6yeCCyA6s8KpriBzD68H3qMsG8XvO2KY7zOIP-2BmqG3edPLLi-2FPh9Wcg4qm-2BmrKBikVjc9WAR0Z3qS9nt0nZUBb-2B4JIS1m1413YY97apufSEOOPaTeY0cfEu8AH5ioknwUlO4kqrMdORl3iS1-2F1-2FVVpR277A6VplRmMI-2F0jr3FqFwr-2B4Oi-2FQIazlEHpgTDqFv2kt91vpfCsArmQ7zANCgqo-2F-2FFwTKsdGdnAyXYV6vQ5SVTcN-2FIgasA3VV0iCIpU87NPimhbI-2B3fkSN9HpyykeAusTdKk62Vw-3D-3D
[INFO] 21-02-2025 15:46:10 [main] [LogUtils] - Test info: Mail invite URL retrieved from links API: https://u24054449.ct.sendgrid.net/ls/click?upn=u001.uKTWfX-2BO7Cb7TshAM6sZKbEPm9EMqm9C4ZEtr6uuLun9WzqgtnF82p3mwtRkl8l6kvdK8O79Pbe-2By3oL-2FOovgRLsrvxOzFcLWjUmVZHFMSYxo4pL31ysTAxDgWi-2Fwl0d0Jv6j8337M1PQbHn-2ByF47HgZDmSJNIFOvhKkd7IfvuM6znFEt-2FOISzGeIcttEy4-2BWTLn-2FgGZuh0Kac4oEb-2FZCXOr5CP5CSu9XgxaIH-2Bc-2Bm4-3D2Wh3_xLcdvdxf4Fza8LcvkLiN7T2R0LE0AEGF9w71ltIf1dxiZxztG-2F-2FFBy-2BaknjWuan3S1snGKvnNFWrh23JyDr48xvjv0dlzKjn1dUx-2Bjfe4ts5ag6-2BwzCnl-2FZ326a1ofJ8-2FiCsyQdtU-2FZmGwg-2FjtBdre5IY9Z9gsksZJ8r1Gj1L-2B3m4jaUdkHXbuq6yeCCyA6s8KpriBzD68H3qMsG8XvO2KY7zOIP-2BmqG3edPLLi-2FPh9Wcg4qm-2BmrKBikVjc9WAR0Z3qS9nt0nZUBb-2B4JIS1m1413YY97apufSEOOPaTeY0cfEu8AH5ioknwUlO4kqrMdORl3iS1-2F1-2FVVpR277A6VplRmMI-2F0jr3FqFwr-2B4Oi-2FQIazlEHpgTDqFv2kt91vpfCsArmQ7zANCgqo-2F-2FFwTKsdGdnAyXYV6vQ5SVTcN-2FIgasA3VV0iCIpU87NPimhbI-2B3fkSN9HpyykeAusTdKk62Vw-3D-3D
[INFO] 21-02-2025 15:46:10 [main] [LogUtils] - ExtentTest instance is null. Test info: Opening a new browser instance to perform additional actions
[INFO] 21-02-2025 15:46:10 [main] [LogUtils] - Test info: Opening a new browser instance to perform additional actions
[INFO] 21-02-2025 15:46:15 [main] [LogUtils] - Opened new browser instance for additional actions.
[ERROR] 21-02-2025 15:46:15 [main] [LogUtils] - Failed to capture screenshot: Illegal char <:> at index 42: screenshots\newBrowserOpened_21/02/2025 15:46:15.png
[INFO] 21-02-2025 15:46:15 [main] [LogUtils] - Navigating to URL: https://u24054449.ct.sendgrid.net/ls/click?upn=u001.uKTWfX-2BO7Cb7TshAM6sZKbEPm9EMqm9C4ZEtr6uuLun9WzqgtnF82p3mwtRkl8l6kvdK8O79Pbe-2By3oL-2FOovgRLsrvxOzFcLWjUmVZHFMSYxo4pL31ysTAxDgWi-2Fwl0d0Jv6j8337M1PQbHn-2ByF47HgZDmSJNIFOvhKkd7IfvuM6znFEt-2FOISzGeIcttEy4-2BWTLn-2FgGZuh0Kac4oEb-2FZCXOr5CP5CSu9XgxaIH-2Bc-2Bm4-3D2Wh3_xLcdvdxf4Fza8LcvkLiN7T2R0LE0AEGF9w71ltIf1dxiZxztG-2F-2FFBy-2BaknjWuan3S1snGKvnNFWrh23JyDr48xvjv0dlzKjn1dUx-2Bjfe4ts5ag6-2BwzCnl-2FZ326a1ofJ8-2FiCsyQdtU-2FZmGwg-2FjtBdre5IY9Z9gsksZJ8r1Gj1L-2B3m4jaUdkHXbuq6yeCCyA6s8KpriBzD68H3qMsG8XvO2KY7zOIP-2BmqG3edPLLi-2FPh9Wcg4qm-2BmrKBikVjc9WAR0Z3qS9nt0nZUBb-2B4JIS1m1413YY97apufSEOOPaTeY0cfEu8AH5ioknwUlO4kqrMdORl3iS1-2F1-2FVVpR277A6VplRmMI-2F0jr3FqFwr-2B4Oi-2FQIazlEHpgTDqFv2kt91vpfCsArmQ7zANCgqo-2F-2FFwTKsdGdnAyXYV6vQ5SVTcN-2FIgasA3VV0iCIpU87NPimhbI-2B3fkSN9HpyykeAusTdKk62Vw-3D-3D
[INFO] 21-02-2025 15:46:15 [main] [LogUtils] - ExtentTest instance is null. Test info: Navigating to URL: https://u24054449.ct.sendgrid.net/ls/click?upn=u001.uKTWfX-2BO7Cb7TshAM6sZKbEPm9EMqm9C4ZEtr6uuLun9WzqgtnF82p3mwtRkl8l6kvdK8O79Pbe-2By3oL-2FOovgRLsrvxOzFcLWjUmVZHFMSYxo4pL31ysTAxDgWi-2Fwl0d0Jv6j8337M1PQbHn-2ByF47HgZDmSJNIFOvhKkd7IfvuM6znFEt-2FOISzGeIcttEy4-2BWTLn-2FgGZuh0Kac4oEb-2FZCXOr5CP5CSu9XgxaIH-2Bc-2Bm4-3D2Wh3_xLcdvdxf4Fza8LcvkLiN7T2R0LE0AEGF9w71ltIf1dxiZxztG-2F-2FFBy-2BaknjWuan3S1snGKvnNFWrh23JyDr48xvjv0dlzKjn1dUx-2Bjfe4ts5ag6-2BwzCnl-2FZ326a1ofJ8-2FiCsyQdtU-2FZmGwg-2FjtBdre5IY9Z9gsksZJ8r1Gj1L-2B3m4jaUdkHXbuq6yeCCyA6s8KpriBzD68H3qMsG8XvO2KY7zOIP-2BmqG3edPLLi-2FPh9Wcg4qm-2BmrKBikVjc9WAR0Z3qS9nt0nZUBb-2B4JIS1m1413YY97apufSEOOPaTeY0cfEu8AH5ioknwUlO4kqrMdORl3iS1-2F1-2FVVpR277A6VplRmMI-2F0jr3FqFwr-2B4Oi-2FQIazlEHpgTDqFv2kt91vpfCsArmQ7zANCgqo-2F-2FFwTKsdGdnAyXYV6vQ5SVTcN-2FIgasA3VV0iCIpU87NPimhbI-2B3fkSN9HpyykeAusTdKk62Vw-3D-3D
[INFO] 21-02-2025 15:46:15 [main] [LogUtils] - Test info: Navigating to URL: https://u24054449.ct.sendgrid.net/ls/click?upn=u001.uKTWfX-2BO7Cb7TshAM6sZKbEPm9EMqm9C4ZEtr6uuLun9WzqgtnF82p3mwtRkl8l6kvdK8O79Pbe-2By3oL-2FOovgRLsrvxOzFcLWjUmVZHFMSYxo4pL31ysTAxDgWi-2Fwl0d0Jv6j8337M1PQbHn-2ByF47HgZDmSJNIFOvhKkd7IfvuM6znFEt-2FOISzGeIcttEy4-2BWTLn-2FgGZuh0Kac4oEb-2FZCXOr5CP5CSu9XgxaIH-2Bc-2Bm4-3D2Wh3_xLcdvdxf4Fza8LcvkLiN7T2R0LE0AEGF9w71ltIf1dxiZxztG-2F-2FFBy-2BaknjWuan3S1snGKvnNFWrh23JyDr48xvjv0dlzKjn1dUx-2Bjfe4ts5ag6-2BwzCnl-2FZ326a1ofJ8-2FiCsyQdtU-2FZmGwg-2FjtBdre5IY9Z9gsksZJ8r1Gj1L-2B3m4jaUdkHXbuq6yeCCyA6s8KpriBzD68H3qMsG8XvO2KY7zOIP-2BmqG3edPLLi-2FPh9Wcg4qm-2BmrKBikVjc9WAR0Z3qS9nt0nZUBb-2B4JIS1m1413YY97apufSEOOPaTeY0cfEu8AH5ioknwUlO4kqrMdORl3iS1-2F1-2FVVpR277A6VplRmMI-2F0jr3FqFwr-2B4Oi-2FQIazlEHpgTDqFv2kt91vpfCsArmQ7zANCgqo-2F-2FFwTKsdGdnAyXYV6vQ5SVTcN-2FIgasA3VV0iCIpU87NPimhbI-2B3fkSN9HpyykeAusTdKk62Vw-3D-3D
[ERROR] 21-02-2025 15:46:18 [main] [LogUtils] - Failed to capture screenshot: Illegal char <:> at index 34: screenshots\navigate_21/02/2025 15:46:18.png
[INFO] 21-02-2025 15:46:18 [main] [LogUtils] - ExtentTest instance is null. Test info: Filling text into element with selector: #createProviderAccountForm_password | Value: 123456
[INFO] 21-02-2025 15:46:18 [main] [LogUtils] - Test info: Filling text into element with selector: #createProviderAccountForm_password | Value: 123456
[INFO] 21-02-2025 15:46:18 [main] [LogUtils] - Filled element with selector: #createProviderAccountForm_password with text: 123456
[ERROR] 21-02-2025 15:46:18 [main] [LogUtils] - Failed to capture screenshot: Illegal char <:> at index 33: screenshots\setText_21/02/2025 15:46:18.png
[INFO] 21-02-2025 15:46:18 [main] [LogUtils] - ExtentTest instance is null. Test info: Filling text into element with selector: #createProviderAccountForm_confirmPassword | Value: 123456
[INFO] 21-02-2025 15:46:18 [main] [LogUtils] - Test info: Filling text into element with selector: #createProviderAccountForm_confirmPassword | Value: 123456
[INFO] 21-02-2025 15:46:18 [main] [LogUtils] - Filled element with selector: #createProviderAccountForm_confirmPassword with text: 123456
[ERROR] 21-02-2025 15:46:18 [main] [LogUtils] - Failed to capture screenshot: Illegal char <:> at index 33: screenshots\setText_21/02/2025 15:46:18.png
[INFO] 21-02-2025 15:46:18 [main] [LogUtils] - ExtentTest instance is null. Test info: Clicking element with selector: //*[@id="createProviderAccountForm"]/button
[INFO] 21-02-2025 15:46:18 [main] [LogUtils] - Test info: Clicking element with selector: //*[@id="createProviderAccountForm"]/button
[INFO] 21-02-2025 15:46:18 [main] [LogUtils] - Clicked element with selector: //*[@id="createProviderAccountForm"]/button
[ERROR] 21-02-2025 15:46:18 [main] [LogUtils] - Failed to capture screenshot: Illegal char <:> at index 38: screenshots\clickElement_21/02/2025 15:46:18.png
[ERROR] 21-02-2025 15:46:26 [main] [LogUtils] - Failed to capture screenshot: Illegal char <:> at index 54: screenshots\actionsPerformedInNewBrowser_21/02/2025 15:46:26.png
[INFO] 21-02-2025 15:46:27 [main] [LogUtils] - Returned to original browser instance.
[INFO] 21-02-2025 15:46:27 [main] [LogUtils] - ExtentTest instance is null. Test info: Returned to original browser instance.
[INFO] 21-02-2025 15:46:27 [main] [LogUtils] - Test info: Returned to original browser instance.
[ERROR] 21-02-2025 15:46:27 [main] [LogUtils] - Failed to capture screenshot: Illegal char <:> at index 51: screenshots\returnedToOriginalBrowser_21/02/2025 15:46:27.png
[INFO] 21-02-2025 15:46:35 [main] [LogUtils] - Closing browser and cleaning up...
